<?xml version="1.0" encoding="UTF-8"?>
<coverage generated="1786390835908" clover="3.2.0">
  <project timestamp="1786390835908" name="All files">
    <metrics statements="119" coveredstatements="119" conditionals="77" coveredconditionals="77" methods="50" coveredmethods="50" elements="246" coveredelements="246" complexity="0" loc="119" ncloc="119" packages="1" files="8" classes="8"/>
    <file name="butter.ts" path="/home/chris/Code/doughmate/app-src/src/lib/butter.ts">
      <metrics statements="5" coveredstatements="5" conditionals="4" coveredconditionals="4" methods="3" coveredmethods="3"/>
      <line num="7" count="1" type="stmt"/>
      <line num="10" count="1" type="stmt"/>
      <line num="13" count="5" type="cond" truecount="2" falsecount="0"/>
      <line num="17" count="5" type="cond" truecount="2" falsecount="0"/>
      <line num="22" count="5" type="stmt"/>
    </file>
    <file name="convert.ts" path="/home/chris/Code/doughmate/app-src/src/lib/convert.ts">
      <metrics statements="46" coveredstatements="46" conditionals="43" coveredconditionals="43" methods="15" coveredmethods="15"/>
      <line num="33" count="3" type="stmt"/>
      <line num="36" count="3" type="stmt"/>
      <line num="37" count="3" type="stmt"/>
      <line num="38" count="3" type="stmt"/>
      <line num="46" count="3" type="stmt"/>
      <line num="53" count="15" type="cond" truecount="4" falsecount="0"/>
      <line num="57" count="35" type="cond" truecount="3" falsecount="0"/>
      <line num="61" count="6" type="stmt"/>
      <line num="65" count="12" type="stmt"/>
      <line num="70" count="10" type="stmt"/>
      <line num="71" count="10" type="stmt"/>
      <line num="73" count="98" type="cond" truecount="3" falsecount="0"/>
      <line num="75" count="83" type="stmt"/>
      <line num="81" count="4" type="stmt"/>
      <line num="82" count="4" type="stmt"/>
      <line num="83" count="192" type="stmt"/>
      <line num="85" count="4" type="cond" truecount="2" falsecount="0"/>
      <line num="91" count="17" type="cond" truecount="2" falsecount="0"/>
      <line num="92" count="12" type="stmt"/>
      <line num="93" count="5" type="cond" truecount="2" falsecount="0"/>
      <line num="94" count="3" type="stmt"/>
      <line num="95" count="2" type="cond" truecount="2" falsecount="0"/>
      <line num="96" count="1" type="stmt"/>
      <line num="99" count="1" type="stmt"/>
      <line num="101" count="17" type="cond" truecount="2" falsecount="0"/>
      <line num="102" count="17" type="cond" truecount="2" falsecount="0"/>
      <line num="112" count="15" type="cond" truecount="2" falsecount="0"/>
      <line num="113" count="2" type="stmt"/>
      <line num="115" count="13" type="stmt"/>
      <line num="125" count="9" type="cond" truecount="2" falsecount="0"/>
      <line num="126" count="5" type="stmt"/>
      <line num="128" count="4" type="stmt"/>
      <line num="137" count="6" type="cond" truecount="4" falsecount="0"/>
      <line num="138" count="1" type="stmt"/>
      <line num="140" count="5" type="cond" truecount="4" falsecount="0"/>
      <line num="141" count="1" type="stmt"/>
      <line num="143" count="4" type="cond" truecount="2" falsecount="0"/>
      <line num="144" count="1" type="stmt"/>
      <line num="146" count="3" type="stmt"/>
      <line num="147" count="3" type="stmt"/>
      <line num="152" count="20" type="stmt"/>
      <line num="153" count="20" type="stmt"/>
      <line num="154" count="20" type="cond" truecount="2" falsecount="0"/>
      <line num="162" count="16" type="stmt"/>
      <line num="163" count="16" type="cond" truecount="4" falsecount="0"/>
      <line num="164" count="16" type="stmt"/>
    </file>
    <file name="egg.ts" path="/home/chris/Code/doughmate/app-src/src/lib/egg.ts">
      <metrics statements="4" coveredstatements="4" conditionals="0" coveredconditionals="0" methods="5" coveredmethods="5"/>
      <line num="7" count="1" type="stmt"/>
      <line num="16" count="15" type="stmt"/>
      <line num="24" count="8" type="stmt"/>
      <line num="29" count="3" type="stmt"/>
    </file>
    <file name="oven.ts" path="/home/chris/Code/doughmate/app-src/src/lib/oven.ts">
      <metrics statements="11" coveredstatements="11" conditionals="4" coveredconditionals="4" methods="6" coveredmethods="6"/>
      <line num="3" count="2" type="stmt"/>
      <line num="7" count="2" type="stmt"/>
      <line num="17" count="1" type="stmt"/>
      <line num="32" count="1" type="stmt"/>
      <line num="37" count="17" type="stmt"/>
      <line num="38" count="2" type="cond" truecount="2" falsecount="0"/>
      <line num="43" count="4" type="stmt"/>
      <line num="44" count="4" type="stmt"/>
      <line num="45" count="44" type="cond" truecount="2" falsecount="0"/>
      <line num="46" count="17" type="stmt"/>
      <line num="49" count="4" type="stmt"/>
    </file>
    <file name="pan.ts" path="/home/chris/Code/doughmate/app-src/src/lib/pan.ts">
      <metrics statements="15" coveredstatements="15" conditionals="6" coveredconditionals="6" methods="8" coveredmethods="8"/>
      <line num="12" count="1" type="stmt"/>
      <line num="15" count="1" type="stmt"/>
      <line num="16" count="1" type="stmt"/>
      <line num="20" count="1" type="stmt"/>
      <line num="24" count="1" type="stmt"/>
      <line num="28" count="20" type="stmt"/>
      <line num="32" count="1" type="stmt"/>
      <line num="37" count="3" type="cond" truecount="2" falsecount="0"/>
      <line num="38" count="1" type="stmt"/>
      <line num="40" count="2" type="stmt"/>
      <line num="50" count="3" type="cond" truecount="2" falsecount="0"/>
      <line num="51" count="1" type="stmt"/>
      <line num="53" count="2" type="cond" truecount="2" falsecount="0"/>
      <line num="54" count="1" type="stmt"/>
      <line num="56" count="1" type="stmt"/>
    </file>
    <file name="recipe.ts" path="/home/chris/Code/doughmate/app-src/src/lib/recipe.ts">
      <metrics statements="26" coveredstatements="26" conditionals="18" coveredconditionals="18" methods="5" coveredmethods="5"/>
      <line num="11" count="1" type="stmt"/>
      <line num="12" count="1" type="stmt"/>
      <line num="13" count="1" type="stmt"/>
      <line num="17" count="22" type="stmt"/>
      <line num="19" count="22" type="stmt"/>
      <line num="20" count="22" type="cond" truecount="2" falsecount="0"/>
      <line num="21" count="3" type="stmt"/>
      <line num="22" count="3" type="cond" truecount="2" falsecount="0"/>
      <line num="25" count="19" type="stmt"/>
      <line num="26" count="19" type="cond" truecount="2" falsecount="0"/>
      <line num="27" count="3" type="stmt"/>
      <line num="28" count="3" type="cond" truecount="2" falsecount="0"/>
      <line num="31" count="16" type="stmt"/>
      <line num="32" count="16" type="cond" truecount="2" falsecount="0"/>
      <line num="33" count="11" type="cond" truecount="2" falsecount="0"/>
      <line num="36" count="5" type="stmt"/>
      <line num="41" count="12" type="stmt"/>
      <line num="42" count="12" type="cond" truecount="2" falsecount="0"/>
      <line num="43" count="3" type="stmt"/>
      <line num="45" count="9" type="stmt"/>
      <line num="46" count="9" type="cond" truecount="2" falsecount="0"/>
      <line num="51" count="2" type="stmt"/>
      <line num="53" count="6" type="stmt"/>
      <line num="59" count="2" type="cond" truecount="2" falsecount="0"/>
      <line num="60" count="1" type="stmt"/>
      <line num="62" count="1" type="stmt"/>
    </file>
    <file name="substitutions.ts" path="/home/chris/Code/doughmate/app-src/src/lib/substitutions.ts">
      <metrics statements="5" coveredstatements="5" conditionals="0" coveredconditionals="0" methods="3" coveredmethods="3"/>
      <line num="13" count="1" type="stmt"/>
      <line num="16" count="1" type="stmt"/>
      <line num="21" count="4" type="stmt"/>
      <line num="22" count="4" type="stmt"/>
      <line num="23" count="72" type="stmt"/>
    </file>
    <file name="yeast.ts" path="/home/chris/Code/doughmate/app-src/src/lib/yeast.ts">
      <metrics statements="7" coveredstatements="7" conditionals="2" coveredconditionals="2" methods="5" coveredmethods="5"/>
      <line num="7" count="1" type="stmt"/>
      <line num="8" count="1" type="stmt"/>
      <line num="16" count="9" type="stmt"/>
      <line num="20" count="5" type="stmt"/>
      <line num="25" count="5" type="cond" truecount="2" falsecount="0"/>
      <line num="26" count="1" type="stmt"/>
      <line num="28" count="4" type="stmt"/>
    </file>
  </project>
</coverage>
