{"/home/chris/Code/doughmate/app-src/src/lib/butter.ts": {"path":"/home/chris/Code/doughmate/app-src/src/lib/butter.ts","statementMap":{"0":{"start":{"line":7,"column":15},"end":{"line":7,"column":39}},"1":{"start":{"line":10,"column":30},"end":{"line":10,"column":50}},"2":{"start":{"line":13,"column":2},"end":{"line":13,"column":84}},"3":{"start":{"line":17,"column":2},"end":{"line":17,"column":84}},"4":{"start":{"line":22,"column":2},"end":{"line":22,"column":38}}},"fnMap":{"0":{"name":"toG","decl":{"start":{"line":12,"column":9},"end":{"line":12,"column":12}},"loc":{"start":{"line":12,"column":55},"end":{"line":14,"column":1}},"line":12},"1":{"name":"fromG","decl":{"start":{"line":16,"column":9},"end":{"line":16,"column":14}},"loc":{"start":{"line":16,"column":56},"end":{"line":18,"column":1}},"line":16},"2":{"name":"convertButter","decl":{"start":{"line":21,"column":16},"end":{"line":21,"column":29}},"loc":{"start":{"line":21,"column":88},"end":{"line":23,"column":1}},"line":21}},"branchMap":{"0":{"loc":{"start":{"line":13,"column":9},"end":{"line":13,"column":83}},"type":"cond-expr","locations":[{"start":{"line":13,"column":28},"end":{"line":13,"column":51}},{"start":{"line":13,"column":54},"end":{"line":13,"column":83}}],"line":13},"1":{"loc":{"start":{"line":17,"column":9},"end":{"line":17,"column":83}},"type":"cond-expr","locations":[{"start":{"line":17,"column":28},"end":{"line":17,"column":50}},{"start":{"line":17,"column":53},"end":{"line":17,"column":83}}],"line":17}},"s":{"0":1,"1":1,"2":5,"3":5,"4":5},"f":{"0":5,"1":5,"2":5},"b":{"0":[2,3],"1":[2,3]},"_coverageSchema":"1a1c01bbd47fc00a2c39e90264f33305004495a9","hash":"dc3adf167ccde30cd87942837f7d01c22ff4dffa"}
,"/home/chris/Code/doughmate/app-src/src/lib/convert.ts": {"path":"/home/chris/Code/doughmate/app-src/src/lib/convert.ts","statementMap":{"0":{"start":{"line":33,"column":20},"end":{"line":33,"column":82}},"1":{"start":{"line":36,"column":19},"end":{"line":36,"column":26}},"2":{"start":{"line":37,"column":19},"end":{"line":37,"column":34}},"3":{"start":{"line":38,"column":47},"end":{"line":43,"column":1}},"4":{"start":{"line":46,"column":47},"end":{"line":50,"column":1}},"5":{"start":{"line":53,"column":2},"end":{"line":53,"column":78}},"6":{"start":{"line":57,"column":2},"end":{"line":57,"column":56}},"7":{"start":{"line":61,"column":2},"end":{"line":61,"column":54}},"8":{"start":{"line":65,"column":2},"end":{"line":65,"column":54}},"9":{"start":{"line":70,"column":12},"end":{"line":70,"column":38}},"10":{"start":{"line":71,"column":2},"end":{"line":76,"column":4}},"11":{"start":{"line":73,"column":6},"end":{"line":75,"column":58}},"12":{"start":{"line":75,"column":32},"end":{"line":75,"column":57}},"13":{"start":{"line":81,"column":12},"end":{"line":81,"column":38}},"14":{"start":{"line":82,"column":18},"end":{"line":84,"column":3}},"15":{"start":{"line":83,"column":4},"end":{"line":83,"column":72}},"16":{"start":{"line":85,"column":2},"end":{"line":85,"column":65}},"17":{"start":{"line":91,"column":2},"end":{"line":100,"column":3}},"18":{"start":{"line":92,"column":4},"end":{"line":92,"column":33}},"19":{"start":{"line":93,"column":9},"end":{"line":100,"column":3}},"20":{"start":{"line":94,"column":4},"end":{"line":94,"column":34}},"21":{"start":{"line":95,"column":9},"end":{"line":100,"column":3}},"22":{"start":{"line":96,"column":4},"end":{"line":96,"column":33}},"23":{"start":{"line":99,"column":4},"end":{"line":99,"column":46}},"24":{"start":{"line":101,"column":27},"end":{"line":101,"column":89}},"25":{"start":{"line":102,"column":2},"end":{"line":102,"column":56}},"26":{"start":{"line":112,"column":2},"end":{"line":114,"column":3}},"27":{"start":{"line":113,"column":4},"end":{"line":113,"column":44}},"28":{"start":{"line":115,"column":2},"end":{"line":115,"column":55}},"29":{"start":{"line":125,"column":2},"end":{"line":127,"column":3}},"30":{"start":{"line":126,"column":4},"end":{"line":126,"column":43}},"31":{"start":{"line":128,"column":2},"end":{"line":128,"column":54}},"32":{"start":{"line":137,"column":2},"end":{"line":139,"column":3}},"33":{"start":{"line":138,"column":4},"end":{"line":138,"column":43}},"34":{"start":{"line":140,"column":2},"end":{"line":142,"column":3}},"35":{"start":{"line":141,"column":4},"end":{"line":141,"column":43}},"36":{"start":{"line":143,"column":2},"end":{"line":145,"column":3}},"37":{"start":{"line":144,"column":4},"end":{"line":144,"column":85}},"38":{"start":{"line":146,"column":16},"end":{"line":146,"column":68}},"39":{"start":{"line":147,"column":2},"end":{"line":147,"column":61}},"40":{"start":{"line":152,"column":17},"end":{"line":152,"column":31}},"41":{"start":{"line":153,"column":18},"end":{"line":153,"column":53}},"42":{"start":{"line":154,"column":2},"end":{"line":154,"column":37}},"43":{"start":{"line":162,"column":20},"end":{"line":162,"column":35}},"44":{"start":{"line":163,"column":19},"end":{"line":163,"column":65}},"45":{"start":{"line":164,"column":2},"end":{"line":164,"column":40}}},"fnMap":{"0":{"name":"isVolumeUnit","decl":{"start":{"line":52,"column":16},"end":{"line":52,"column":28}},"loc":{"start":{"line":52,"column":63},"end":{"line":54,"column":1}},"line":52},"1":{"name":"isWeightUnit","decl":{"start":{"line":56,"column":16},"end":{"line":56,"column":28}},"loc":{"start":{"line":56,"column":63},"end":{"line":58,"column":1}},"line":56},"2":{"name":"convertVolume","decl":{"start":{"line":60,"column":16},"end":{"line":60,"column":29}},"loc":{"start":{"line":60,"column":88},"end":{"line":62,"column":1}},"line":60},"3":{"name":"convertWeight","decl":{"start":{"line":64,"column":16},"end":{"line":64,"column":29}},"loc":{"start":{"line":64,"column":88},"end":{"line":66,"column":1}},"line":64},"4":{"name":"getIngredient","decl":{"start":{"line":69,"column":16},"end":{"line":69,"column":29}},"loc":{"start":{"line":69,"column":69},"end":{"line":77,"column":1}},"line":69},"5":{"name":"(anonymous_5)","decl":{"start":{"line":72,"column":4},"end":{"line":72,"column":5}},"loc":{"start":{"line":73,"column":6},"end":{"line":75,"column":58}},"line":73},"6":{"name":"(anonymous_6)","decl":{"start":{"line":75,"column":21},"end":{"line":75,"column":22}},"loc":{"start":{"line":75,"column":32},"end":{"line":75,"column":57}},"line":75},"7":{"name":"searchIngredients","decl":{"start":{"line":80,"column":16},"end":{"line":80,"column":33}},"loc":{"start":{"line":80,"column":79},"end":{"line":86,"column":1}},"line":80},"8":{"name":"(anonymous_8)","decl":{"start":{"line":82,"column":37},"end":{"line":82,"column":38}},"loc":{"start":{"line":83,"column":4},"end":{"line":83,"column":72}},"line":83},"9":{"name":"gramsPerUnit","decl":{"start":{"line":89,"column":9},"end":{"line":89,"column":21}},"loc":{"start":{"line":89,"column":95},"end":{"line":103,"column":1}},"line":89},"10":{"name":"toGrams","decl":{"start":{"line":106,"column":16},"end":{"line":106,"column":23}},"loc":{"start":{"line":111,"column":10},"end":{"line":116,"column":1}},"line":111},"11":{"name":"fromGrams","decl":{"start":{"line":119,"column":16},"end":{"line":119,"column":25}},"loc":{"start":{"line":124,"column":10},"end":{"line":129,"column":1}},"line":124},"12":{"name":"convert","decl":{"start":{"line":136,"column":16},"end":{"line":136,"column":23}},"loc":{"start":{"line":136,"column":96},"end":{"line":148,"column":1}},"line":136},"13":{"name":"round","decl":{"start":{"line":151,"column":16},"end":{"line":151,"column":21}},"loc":{"start":{"line":151,"column":59},"end":{"line":155,"column":1}},"line":151},"14":{"name":"formatQuantity","decl":{"start":{"line":161,"column":16},"end":{"line":161,"column":30}},"loc":{"start":{"line":161,"column":54},"end":{"line":165,"column":1}},"line":161}},"branchMap":{"0":{"loc":{"start":{"line":53,"column":9},"end":{"line":53,"column":77}},"type":"binary-expr","locations":[{"start":{"line":53,"column":9},"end":{"line":53,"column":23}},{"start":{"line":53,"column":27},"end":{"line":53,"column":42}},{"start":{"line":53,"column":46},"end":{"line":53,"column":60}},{"start":{"line":53,"column":64},"end":{"line":53,"column":77}}],"line":53},"1":{"loc":{"start":{"line":57,"column":9},"end":{"line":57,"column":55}},"type":"binary-expr","locations":[{"start":{"line":57,"column":9},"end":{"line":57,"column":21}},{"start":{"line":57,"column":25},"end":{"line":57,"column":38}},{"start":{"line":57,"column":42},"end":{"line":57,"column":55}}],"line":57},"2":{"loc":{"start":{"line":73,"column":6},"end":{"line":75,"column":58}},"type":"binary-expr","locations":[{"start":{"line":73,"column":6},"end":{"line":73,"column":16}},{"start":{"line":74,"column":6},"end":{"line":74,"column":32}},{"start":{"line":75,"column":6},"end":{"line":75,"column":58}}],"line":73},"3":{"loc":{"start":{"line":85,"column":9},"end":{"line":85,"column":64}},"type":"cond-expr","locations":[{"start":{"line":85,"column":31},"end":{"line":85,"column":38}},{"start":{"line":85,"column":41},"end":{"line":85,"column":64}}],"line":85},"4":{"loc":{"start":{"line":91,"column":2},"end":{"line":100,"column":3}},"type":"if","locations":[{"start":{"line":91,"column":2},"end":{"line":100,"column":3}},{"start":{"line":93,"column":9},"end":{"line":100,"column":3}}],"line":91},"5":{"loc":{"start":{"line":93,"column":9},"end":{"line":100,"column":3}},"type":"if","locations":[{"start":{"line":93,"column":9},"end":{"line":100,"column":3}},{"start":{"line":95,"column":9},"end":{"line":100,"column":3}}],"line":93},"6":{"loc":{"start":{"line":95,"column":9},"end":{"line":100,"column":3}},"type":"if","locations":[{"start":{"line":95,"column":9},"end":{"line":100,"column":3}},{"start":{"line":97,"column":9},"end":{"line":100,"column":3}}],"line":95},"7":{"loc":{"start":{"line":101,"column":27},"end":{"line":101,"column":89}},"type":"binary-expr","locations":[{"start":{"line":101,"column":27},"end":{"line":101,"column":58}},{"start":{"line":101,"column":62},"end":{"line":101,"column":89}}],"line":101},"8":{"loc":{"start":{"line":102,"column":9},"end":{"line":102,"column":55}},"type":"cond-expr","locations":[{"start":{"line":102,"column":28},"end":{"line":102,"column":47}},{"start":{"line":102,"column":50},"end":{"line":102,"column":55}}],"line":102},"9":{"loc":{"start":{"line":112,"column":2},"end":{"line":114,"column":3}},"type":"if","locations":[{"start":{"line":112,"column":2},"end":{"line":114,"column":3}},{"start":{},"end":{}}],"line":112},"10":{"loc":{"start":{"line":125,"column":2},"end":{"line":127,"column":3}},"type":"if","locations":[{"start":{"line":125,"column":2},"end":{"line":127,"column":3}},{"start":{},"end":{}}],"line":125},"11":{"loc":{"start":{"line":137,"column":2},"end":{"line":139,"column":3}},"type":"if","locations":[{"start":{"line":137,"column":2},"end":{"line":139,"column":3}},{"start":{},"end":{}}],"line":137},"12":{"loc":{"start":{"line":137,"column":6},"end":{"line":137,"column":44}},"type":"binary-expr","locations":[{"start":{"line":137,"column":6},"end":{"line":137,"column":24}},{"start":{"line":137,"column":28},"end":{"line":137,"column":44}}],"line":137},"13":{"loc":{"start":{"line":140,"column":2},"end":{"line":142,"column":3}},"type":"if","locations":[{"start":{"line":140,"column":2},"end":{"line":142,"column":3}},{"start":{},"end":{}}],"line":140},"14":{"loc":{"start":{"line":140,"column":6},"end":{"line":140,"column":44}},"type":"binary-expr","locations":[{"start":{"line":140,"column":6},"end":{"line":140,"column":24}},{"start":{"line":140,"column":28},"end":{"line":140,"column":44}}],"line":140},"15":{"loc":{"start":{"line":143,"column":2},"end":{"line":145,"column":3}},"type":"if","locations":[{"start":{"line":143,"column":2},"end":{"line":145,"column":3}},{"start":{},"end":{}}],"line":143},"16":{"loc":{"start":{"line":151,"column":37},"end":{"line":151,"column":49}},"type":"default-arg","locations":[{"start":{"line":151,"column":48},"end":{"line":151,"column":49}}],"line":151},"17":{"loc":{"start":{"line":154,"column":9},"end":{"line":154,"column":36}},"type":"cond-expr","locations":[{"start":{"line":154,"column":25},"end":{"line":154,"column":26}},{"start":{"line":154,"column":29},"end":{"line":154,"column":36}}],"line":154},"18":{"loc":{"start":{"line":163,"column":19},"end":{"line":163,"column":65}},"type":"cond-expr","locations":[{"start":{"line":163,"column":38},"end":{"line":163,"column":39}},{"start":{"line":163,"column":42},"end":{"line":163,"column":65}}],"line":163},"19":{"loc":{"start":{"line":163,"column":42},"end":{"line":163,"column":65}},"type":"cond-expr","locations":[{"start":{"line":163,"column":60},"end":{"line":163,"column":61}},{"start":{"line":163,"column":64},"end":{"line":163,"column":65}}],"line":163}},"s":{"0":3,"1":3,"2":3,"3":3,"4":3,"5":15,"6":35,"7":6,"8":12,"9":10,"10":10,"11":98,"12":83,"13":4,"14":4,"15":192,"16":4,"17":17,"18":12,"19":5,"20":3,"21":2,"22":1,"23":1,"24":17,"25":17,"26":15,"27":2,"28":13,"29":9,"30":5,"31":4,"32":6,"33":1,"34":5,"35":1,"36":4,"37":1,"38":3,"39":3,"40":20,"41":20,"42":20,"43":16,"44":16,"45":16},"f":{"0":15,"1":35,"2":6,"3":12,"4":10,"5":98,"6":83,"7":4,"8":192,"9":17,"10":15,"11":9,"12":6,"13":20,"14":16},"b":{"0":[15,10,8,7],"1":[35,27,23],"2":[98,92,91],"3":[3,1],"4":[12,5],"5":[3,2],"6":[1,1],"7":[17,11],"8":[2,15],"9":[2,13],"10":[5,4],"11":[1,5],"12":[6,4],"13":[1,4],"14":[5,2],"15":[1,3],"16":[1],"17":[3,17],"18":[2,14],"19":[2,12]},"_coverageSchema":"1a1c01bbd47fc00a2c39e90264f33305004495a9","hash":"6170a45e2072cccd8d55b892d726cb34df81afab"}
,"/home/chris/Code/doughmate/app-src/src/lib/egg.ts": {"path":"/home/chris/Code/doughmate/app-src/src/lib/egg.ts","statementMap":{"0":{"start":{"line":7,"column":14},"end":{"line":7,"column":79}},"1":{"start":{"line":16,"column":2},"end":{"line":20,"column":6}},"2":{"start":{"line":16,"column":54},"end":{"line":20,"column":3}},"3":{"start":{"line":24,"column":2},"end":{"line":24,"column":55}},"4":{"start":{"line":24,"column":39},"end":{"line":24,"column":53}},"5":{"start":{"line":29,"column":2},"end":{"line":29,"column":59}}},"fnMap":{"0":{"name":"listEggSizes","decl":{"start":{"line":15,"column":16},"end":{"line":15,"column":28}},"loc":{"start":{"line":15,"column":42},"end":{"line":21,"column":1}},"line":15},"1":{"name":"(anonymous_1)","decl":{"start":{"line":16,"column":45},"end":{"line":16,"column":46}},"loc":{"start":{"line":16,"column":54},"end":{"line":20,"column":3}},"line":16},"2":{"name":"getEggSize","decl":{"start":{"line":23,"column":16},"end":{"line":23,"column":26}},"loc":{"start":{"line":23,"column":60},"end":{"line":25,"column":1}},"line":23},"3":{"name":"(anonymous_3)","decl":{"start":{"line":24,"column":29},"end":{"line":24,"column":30}},"loc":{"start":{"line":24,"column":39},"end":{"line":24,"column":53}},"line":24},"4":{"name":"convertEggs","decl":{"start":{"line":28,"column":16},"end":{"line":28,"column":27}},"loc":{"start":{"line":28,"column":75},"end":{"line":30,"column":1}},"line":28}},"branchMap":{},"s":{"0":1,"1":3,"2":15,"3":2,"4":8,"5":3},"f":{"0":3,"1":15,"2":2,"3":8,"4":3},"b":{},"_coverageSchema":"1a1c01bbd47fc00a2c39e90264f33305004495a9","hash":"0b6491cc27b62236ed72b924a593e367aaae3bf3"}
,"/home/chris/Code/doughmate/app-src/src/lib/oven.ts": {"path":"/home/chris/Code/doughmate/app-src/src/lib/oven.ts","statementMap":{"0":{"start":{"line":3,"column":2},"end":{"line":3,"column":37}},"1":{"start":{"line":7,"column":2},"end":{"line":7,"column":32}},"2":{"start":{"line":17,"column":29},"end":{"line":29,"column":1}},"3":{"start":{"line":32,"column":2},"end":{"line":32,"column":19}},"4":{"start":{"line":37,"column":16},"end":{"line":37,"column":62}},"5":{"start":{"line":37,"column":42},"end":{"line":37,"column":61}},"6":{"start":{"line":38,"column":2},"end":{"line":38,"column":56}},"7":{"start":{"line":43,"column":16},"end":{"line":43,"column":29}},"8":{"start":{"line":44,"column":2},"end":{"line":48,"column":3}},"9":{"start":{"line":45,"column":4},"end":{"line":47,"column":5}},"10":{"start":{"line":46,"column":6},"end":{"line":46,"column":22}},"11":{"start":{"line":49,"column":2},"end":{"line":49,"column":22}}},"fnMap":{"0":{"name":"fToC","decl":{"start":{"line":2,"column":16},"end":{"line":2,"column":20}},"loc":{"start":{"line":2,"column":49},"end":{"line":4,"column":1}},"line":2},"1":{"name":"cToF","decl":{"start":{"line":6,"column":16},"end":{"line":6,"column":20}},"loc":{"start":{"line":6,"column":46},"end":{"line":8,"column":1}},"line":6},"2":{"name":"listGasMarks","decl":{"start":{"line":31,"column":16},"end":{"line":31,"column":28}},"loc":{"start":{"line":31,"column":42},"end":{"line":33,"column":1}},"line":31},"3":{"name":"gasMarkTemp","decl":{"start":{"line":36,"column":16},"end":{"line":36,"column":27}},"loc":{"start":{"line":36,"column":80},"end":{"line":39,"column":1}},"line":36},"4":{"name":"(anonymous_4)","decl":{"start":{"line":37,"column":31},"end":{"line":37,"column":32}},"loc":{"start":{"line":37,"column":42},"end":{"line":37,"column":61}},"line":37},"5":{"name":"nearestGasMark","decl":{"start":{"line":42,"column":16},"end":{"line":42,"column":30}},"loc":{"start":{"line":42,"column":59},"end":{"line":50,"column":1}},"line":42}},"branchMap":{"0":{"loc":{"start":{"line":38,"column":9},"end":{"line":38,"column":55}},"type":"cond-expr","locations":[{"start":{"line":38,"column":17},"end":{"line":38,"column":43}},{"start":{"line":38,"column":46},"end":{"line":38,"column":55}}],"line":38},"1":{"loc":{"start":{"line":45,"column":4},"end":{"line":47,"column":5}},"type":"if","locations":[{"start":{"line":45,"column":4},"end":{"line":47,"column":5}},{"start":{},"end":{}}],"line":45}},"s":{"0":2,"1":2,"2":1,"3":1,"4":2,"5":17,"6":2,"7":4,"8":4,"9":44,"10":17,"11":4},"f":{"0":2,"1":2,"2":1,"3":2,"4":17,"5":4},"b":{"0":[1,1],"1":[17,27]},"_coverageSchema":"1a1c01bbd47fc00a2c39e90264f33305004495a9","hash":"b309c1f5e1d187d4a588463ef166f5dff23eddd9"}
,"/home/chris/Code/doughmate/app-src/src/lib/pan.ts": {"path":"/home/chris/Code/doughmate/app-src/src/lib/pan.ts","statementMap":{"0":{"start":{"line":12,"column":13},"end":{"line":12,"column":61}},"1":{"start":{"line":15,"column":17},"end":{"line":15,"column":31}},"2":{"start":{"line":16,"column":2},"end":{"line":16,"column":35}},"3":{"start":{"line":20,"column":2},"end":{"line":20,"column":25}},"4":{"start":{"line":24,"column":2},"end":{"line":24,"column":28}},"5":{"start":{"line":28,"column":2},"end":{"line":28,"column":43}},"6":{"start":{"line":28,"column":28},"end":{"line":28,"column":41}},"7":{"start":{"line":32,"column":2},"end":{"line":32,"column":14}},"8":{"start":{"line":37,"column":2},"end":{"line":39,"column":3}},"9":{"start":{"line":38,"column":4},"end":{"line":38,"column":16}},"10":{"start":{"line":40,"column":2},"end":{"line":40,"column":27}},"11":{"start":{"line":50,"column":2},"end":{"line":52,"column":3}},"12":{"start":{"line":51,"column":4},"end":{"line":51,"column":20}},"13":{"start":{"line":53,"column":2},"end":{"line":55,"column":3}},"14":{"start":{"line":54,"column":4},"end":{"line":54,"column":21}},"15":{"start":{"line":56,"column":2},"end":{"line":56,"column":16}}},"fnMap":{"0":{"name":"roundArea","decl":{"start":{"line":14,"column":16},"end":{"line":14,"column":25}},"loc":{"start":{"line":14,"column":54},"end":{"line":17,"column":1}},"line":14},"1":{"name":"squareArea","decl":{"start":{"line":19,"column":16},"end":{"line":19,"column":26}},"loc":{"start":{"line":19,"column":51},"end":{"line":21,"column":1}},"line":19},"2":{"name":"rectangleArea","decl":{"start":{"line":23,"column":16},"end":{"line":23,"column":29}},"loc":{"start":{"line":23,"column":73},"end":{"line":25,"column":1}},"line":23},"3":{"name":"getPan","decl":{"start":{"line":27,"column":16},"end":{"line":27,"column":22}},"loc":{"start":{"line":27,"column":52},"end":{"line":29,"column":1}},"line":27},"4":{"name":"(anonymous_4)","decl":{"start":{"line":28,"column":19},"end":{"line":28,"column":20}},"loc":{"start":{"line":28,"column":28},"end":{"line":28,"column":41}},"line":28},"5":{"name":"listPans","decl":{"start":{"line":31,"column":16},"end":{"line":31,"column":24}},"loc":{"start":{"line":31,"column":34},"end":{"line":33,"column":1}},"line":31},"6":{"name":"panScaleFactor","decl":{"start":{"line":36,"column":16},"end":{"line":36,"column":30}},"loc":{"start":{"line":36,"column":80},"end":{"line":41,"column":1}},"line":36},"7":{"name":"bakeTimeHint","decl":{"start":{"line":49,"column":16},"end":{"line":49,"column":28}},"loc":{"start":{"line":49,"column":77},"end":{"line":57,"column":1}},"line":49}},"branchMap":{"0":{"loc":{"start":{"line":37,"column":2},"end":{"line":39,"column":3}},"type":"if","locations":[{"start":{"line":37,"column":2},"end":{"line":39,"column":3}},{"start":{},"end":{}}],"line":37},"1":{"loc":{"start":{"line":50,"column":2},"end":{"line":52,"column":3}},"type":"if","locations":[{"start":{"line":50,"column":2},"end":{"line":52,"column":3}},{"start":{},"end":{}}],"line":50},"2":{"loc":{"start":{"line":53,"column":2},"end":{"line":55,"column":3}},"type":"if","locations":[{"start":{"line":53,"column":2},"end":{"line":55,"column":3}},{"start":{},"end":{}}],"line":53}},"s":{"0":1,"1":1,"2":1,"3":1,"4":1,"5":2,"6":20,"7":1,"8":3,"9":1,"10":2,"11":3,"12":1,"13":2,"14":1,"15":1},"f":{"0":1,"1":1,"2":1,"3":2,"4":20,"5":1,"6":3,"7":3},"b":{"0":[1,2],"1":[1,2],"2":[1,1]},"_coverageSchema":"1a1c01bbd47fc00a2c39e90264f33305004495a9","hash":"9763d8aeee0226dc69beadc48d8cf34bcda58c6d"}
,"/home/chris/Code/doughmate/app-src/src/lib/recipe.ts": {"path":"/home/chris/Code/doughmate/app-src/src/lib/recipe.ts","statementMap":{"0":{"start":{"line":11,"column":14},"end":{"line":11,"column":55}},"1":{"start":{"line":12,"column":17},"end":{"line":12,"column":50}},"2":{"start":{"line":13,"column":16},"end":{"line":13,"column":52}},"3":{"start":{"line":17,"column":18},"end":{"line":17,"column":29}},"4":{"start":{"line":19,"column":16},"end":{"line":19,"column":35}},"5":{"start":{"line":20,"column":2},"end":{"line":23,"column":3}},"6":{"start":{"line":21,"column":18},"end":{"line":21,"column":72}},"7":{"start":{"line":22,"column":4},"end":{"line":22,"column":52}},"8":{"start":{"line":25,"column":19},"end":{"line":25,"column":41}},"9":{"start":{"line":26,"column":2},"end":{"line":29,"column":3}},"10":{"start":{"line":27,"column":18},"end":{"line":27,"column":59}},"11":{"start":{"line":28,"column":4},"end":{"line":28,"column":55}},"12":{"start":{"line":31,"column":18},"end":{"line":31,"column":39}},"13":{"start":{"line":32,"column":2},"end":{"line":34,"column":3}},"14":{"start":{"line":33,"column":4},"end":{"line":33,"column":74}},"15":{"start":{"line":36,"column":2},"end":{"line":36,"column":14}},"16":{"start":{"line":41,"column":17},"end":{"line":41,"column":43}},"17":{"start":{"line":42,"column":2},"end":{"line":44,"column":3}},"18":{"start":{"line":43,"column":4},"end":{"line":43,"column":16}},"19":{"start":{"line":45,"column":17},"end":{"line":45,"column":54}},"20":{"start":{"line":46,"column":2},"end":{"line":46,"column":59}},"21":{"start":{"line":51,"column":2},"end":{"line":54,"column":16}},"22":{"start":{"line":53,"column":19},"end":{"line":53,"column":42}},"23":{"start":{"line":59,"column":2},"end":{"line":61,"column":3}},"24":{"start":{"line":60,"column":4},"end":{"line":60,"column":16}},"25":{"start":{"line":62,"column":2},"end":{"line":62,"column":42}}},"fnMap":{"0":{"name":"parseLeadingQuantity","decl":{"start":{"line":16,"column":16},"end":{"line":16,"column":36}},"loc":{"start":{"line":16,"column":74},"end":{"line":37,"column":1}},"line":16},"1":{"name":"scaleText","decl":{"start":{"line":40,"column":16},"end":{"line":40,"column":25}},"loc":{"start":{"line":40,"column":64},"end":{"line":47,"column":1}},"line":40},"2":{"name":"scaleRecipeText","decl":{"start":{"line":50,"column":16},"end":{"line":50,"column":31}},"loc":{"start":{"line":50,"column":72},"end":{"line":55,"column":1}},"line":50},"3":{"name":"(anonymous_3)","decl":{"start":{"line":53,"column":9},"end":{"line":53,"column":10}},"loc":{"start":{"line":53,"column":19},"end":{"line":53,"column":42}},"line":53},"4":{"name":"matchFactor","decl":{"start":{"line":58,"column":16},"end":{"line":58,"column":27}},"loc":{"start":{"line":58,"column":92},"end":{"line":63,"column":1}},"line":58}},"branchMap":{"0":{"loc":{"start":{"line":20,"column":2},"end":{"line":23,"column":3}},"type":"if","locations":[{"start":{"line":20,"column":2},"end":{"line":23,"column":3}},{"start":{},"end":{}}],"line":20},"1":{"loc":{"start":{"line":22,"column":27},"end":{"line":22,"column":41}},"type":"binary-expr","locations":[{"start":{"line":22,"column":27},"end":{"line":22,"column":35}},{"start":{"line":22,"column":39},"end":{"line":22,"column":41}}],"line":22},"2":{"loc":{"start":{"line":26,"column":2},"end":{"line":29,"column":3}},"type":"if","locations":[{"start":{"line":26,"column":2},"end":{"line":29,"column":3}},{"start":{},"end":{}}],"line":26},"3":{"loc":{"start":{"line":28,"column":27},"end":{"line":28,"column":44}},"type":"binary-expr","locations":[{"start":{"line":28,"column":27},"end":{"line":28,"column":38}},{"start":{"line":28,"column":42},"end":{"line":28,"column":44}}],"line":28},"4":{"loc":{"start":{"line":32,"column":2},"end":{"line":34,"column":3}},"type":"if","locations":[{"start":{"line":32,"column":2},"end":{"line":34,"column":3}},{"start":{},"end":{}}],"line":32},"5":{"loc":{"start":{"line":33,"column":47},"end":{"line":33,"column":63}},"type":"binary-expr","locations":[{"start":{"line":33,"column":47},"end":{"line":33,"column":57}},{"start":{"line":33,"column":61},"end":{"line":33,"column":63}}],"line":33},"6":{"loc":{"start":{"line":42,"column":2},"end":{"line":44,"column":3}},"type":"if","locations":[{"start":{"line":42,"column":2},"end":{"line":44,"column":3}},{"start":{},"end":{}}],"line":42},"7":{"loc":{"start":{"line":46,"column":9},"end":{"line":46,"column":58}},"type":"cond-expr","locations":[{"start":{"line":46,"column":23},"end":{"line":46,"column":49}},{"start":{"line":46,"column":52},"end":{"line":46,"column":58}}],"line":46},"8":{"loc":{"start":{"line":59,"column":2},"end":{"line":61,"column":3}},"type":"if","locations":[{"start":{"line":59,"column":2},"end":{"line":61,"column":3}},{"start":{},"end":{}}],"line":59}},"s":{"0":1,"1":1,"2":1,"3":22,"4":22,"5":22,"6":3,"7":3,"8":19,"9":19,"10":3,"11":3,"12":16,"13":16,"14":11,"15":5,"16":12,"17":12,"18":3,"19":9,"20":9,"21":2,"22":6,"23":2,"24":1,"25":1},"f":{"0":22,"1":12,"2":2,"3":6,"4":2},"b":{"0":[3,19],"1":[3,1],"2":[3,16],"3":[3,1],"4":[11,5],"5":[11,2],"6":[3,9],"7":[8,1],"8":[1,1]},"_coverageSchema":"1a1c01bbd47fc00a2c39e90264f33305004495a9","hash":"a8ce793e3feeeb597cf07e364321122ff1c47631"}
,"/home/chris/Code/doughmate/app-src/src/lib/substitutions.ts": {"path":"/home/chris/Code/doughmate/app-src/src/lib/substitutions.ts","statementMap":{"0":{"start":{"line":13,"column":13},"end":{"line":13,"column":56}},"1":{"start":{"line":16,"column":2},"end":{"line":16,"column":14}},"2":{"start":{"line":21,"column":12},"end":{"line":21,"column":38}},"3":{"start":{"line":22,"column":2},"end":{"line":24,"column":4}},"4":{"start":{"line":23,"column":4},"end":{"line":23,"column":71}}},"fnMap":{"0":{"name":"listSubstitutions","decl":{"start":{"line":15,"column":16},"end":{"line":15,"column":33}},"loc":{"start":{"line":15,"column":52},"end":{"line":17,"column":1}},"line":15},"1":{"name":"searchSubstitutions","decl":{"start":{"line":20,"column":16},"end":{"line":20,"column":35}},"loc":{"start":{"line":20,"column":67},"end":{"line":25,"column":1}},"line":20},"2":{"name":"(anonymous_2)","decl":{"start":{"line":22,"column":21},"end":{"line":22,"column":22}},"loc":{"start":{"line":23,"column":4},"end":{"line":23,"column":71}},"line":23}},"branchMap":{},"s":{"0":1,"1":1,"2":4,"3":4,"4":72},"f":{"0":1,"1":4,"2":72},"b":{},"_coverageSchema":"1a1c01bbd47fc00a2c39e90264f33305004495a9","hash":"e50229e4a18a71f7d0a52d90773a1a5fc98b522e"}
,"/home/chris/Code/doughmate/app-src/src/lib/yeast.ts": {"path":"/home/chris/Code/doughmate/app-src/src/lib/yeast.ts","statementMap":{"0":{"start":{"line":7,"column":14},"end":{"line":7,"column":66}},"1":{"start":{"line":8,"column":15},"end":{"line":8,"column":62}},"2":{"start":{"line":16,"column":2},"end":{"line":16,"column":87}},"3":{"start":{"line":16,"column":56},"end":{"line":16,"column":84}},"4":{"start":{"line":20,"column":2},"end":{"line":20,"column":57}},"5":{"start":{"line":20,"column":41},"end":{"line":20,"column":55}},"6":{"start":{"line":25,"column":2},"end":{"line":27,"column":3}},"7":{"start":{"line":26,"column":4},"end":{"line":26,"column":18}},"8":{"start":{"line":28,"column":2},"end":{"line":28,"column":52}}},"fnMap":{"0":{"name":"listYeastTypes","decl":{"start":{"line":15,"column":16},"end":{"line":15,"column":30}},"loc":{"start":{"line":15,"column":46},"end":{"line":17,"column":1}},"line":15},"1":{"name":"(anonymous_1)","decl":{"start":{"line":16,"column":47},"end":{"line":16,"column":48}},"loc":{"start":{"line":16,"column":56},"end":{"line":16,"column":84}},"line":16},"2":{"name":"getYeastType","decl":{"start":{"line":19,"column":16},"end":{"line":19,"column":28}},"loc":{"start":{"line":19,"column":64},"end":{"line":21,"column":1}},"line":19},"3":{"name":"(anonymous_3)","decl":{"start":{"line":20,"column":31},"end":{"line":20,"column":32}},"loc":{"start":{"line":20,"column":41},"end":{"line":20,"column":55}},"line":20},"4":{"name":"convertYeast","decl":{"start":{"line":24,"column":16},"end":{"line":24,"column":28}},"loc":{"start":{"line":24,"column":81},"end":{"line":29,"column":1}},"line":24}},"branchMap":{"0":{"loc":{"start":{"line":25,"column":2},"end":{"line":27,"column":3}},"type":"if","locations":[{"start":{"line":25,"column":2},"end":{"line":27,"column":3}},{"start":{},"end":{}}],"line":25}},"s":{"0":1,"1":1,"2":3,"3":9,"4":2,"5":5,"6":5,"7":1,"8":4},"f":{"0":3,"1":9,"2":2,"3":5,"4":5},"b":{"0":[1,4]},"_coverageSchema":"1a1c01bbd47fc00a2c39e90264f33305004495a9","hash":"cee75a155278c8096b8aef4288395a513daba9b3"}
}
