TN:
SF:src/lib/convert.ts
FN:52,isVolumeUnit
FN:56,isWeightUnit
FN:60,convertVolume
FN:64,convertWeight
FN:69,getIngredient
FN:72,(anonymous_5)
FN:75,(anonymous_6)
FN:80,searchIngredients
FN:82,(anonymous_8)
FN:89,gramsPerUnit
FN:106,toGrams
FN:119,fromGrams
FN:136,convert
FN:151,round
FN:161,formatQuantity
FNF:15
FNH:15
FNDA:15,isVolumeUnit
FNDA:29,isWeightUnit
FNDA:6,convertVolume
FNDA:10,convertWeight
FNDA:9,getIngredient
FNDA:81,(anonymous_5)
FNDA:64,(anonymous_6)
FNDA:4,searchIngredients
FNDA:192,(anonymous_8)
FNDA:13,gramsPerUnit
FNDA:12,toGrams
FNDA:6,fromGrams
FNDA:6,convert
FNDA:11,round
FNDA:7,formatQuantity
DA:33,1
DA:36,1
DA:37,1
DA:38,1
DA:46,1
DA:53,15
DA:57,29
DA:61,6
DA:65,10
DA:70,9
DA:71,9
DA:73,81
DA:75,64
DA:81,4
DA:82,4
DA:83,192
DA:85,4
DA:91,13
DA:92,10
DA:93,3
DA:94,1
DA:95,2
DA:96,1
DA:99,1
DA:101,13
DA:102,13
DA:112,12
DA:113,2
DA:115,10
DA:125,6
DA:126,3
DA:128,3
DA:137,6
DA:138,1
DA:140,5
DA:141,1
DA:143,4
DA:144,1
DA:146,3
DA:147,3
DA:152,11
DA:153,11
DA:154,11
DA:162,7
DA:163,7
DA:164,7
LF:46
LH:46
BRDA:53,0,0,15
BRDA:53,0,1,10
BRDA:53,0,2,8
BRDA:53,0,3,7
BRDA:57,1,0,29
BRDA:57,1,1,23
BRDA:57,1,2,19
BRDA:73,2,0,81
BRDA:73,2,1,76
BRDA:73,2,2,75
BRDA:85,3,0,3
BRDA:85,3,1,1
BRDA:91,4,0,10
BRDA:91,4,1,3
BRDA:93,5,0,1
BRDA:93,5,1,2
BRDA:95,6,0,1
BRDA:95,6,1,1
BRDA:101,7,0,13
BRDA:101,7,1,11
BRDA:102,8,0,2
BRDA:102,8,1,11
BRDA:112,9,0,2
BRDA:112,9,1,10
BRDA:125,10,0,3
BRDA:125,10,1,3
BRDA:137,11,0,1
BRDA:137,11,1,5
BRDA:137,12,0,6
BRDA:137,12,1,4
BRDA:140,13,0,1
BRDA:140,13,1,4
BRDA:140,14,0,5
BRDA:140,14,1,2
BRDA:143,15,0,1
BRDA:143,15,1,3
BRDA:151,16,0,1
BRDA:154,17,0,3
BRDA:154,17,1,8
BRDA:163,18,0,2
BRDA:163,18,1,5
BRDA:163,19,0,1
BRDA:163,19,1,4
BRF:43
BRH:43
end_of_record
