TN:
SF:src/lib/butter.ts
FN:12,toG
FN:16,fromG
FN:21,convertButter
FNF:3
FNH:3
FNDA:5,toG
FNDA:5,fromG
FNDA:5,convertButter
DA:7,1
DA:10,1
DA:13,5
DA:17,5
DA:22,5
LF:5
LH:5
BRDA:13,0,0,2
BRDA:13,0,1,3
BRDA:17,1,0,2
BRDA:17,1,1,3
BRF:4
BRH:4
end_of_record
TN:
SF:src/lib/convert.ts
FN:52,isVolumeUnit
FN:56,isWeightUnit
FN:60,convertVolume
FN:64,convertWeight
FN:69,getIngredient
FN:72,(anonymous_5)
FN:75,(anonymous_6)
FN:80,searchIngredients
FN:82,(anonymous_8)
FN:89,gramsPerUnit
FN:106,toGrams
FN:119,fromGrams
FN:136,convert
FN:151,round
FN:161,formatQuantity
FNF:15
FNH:15
FNDA:15,isVolumeUnit
FNDA:35,isWeightUnit
FNDA:6,convertVolume
FNDA:12,convertWeight
FNDA:10,getIngredient
FNDA:98,(anonymous_5)
FNDA:83,(anonymous_6)
FNDA:4,searchIngredients
FNDA:192,(anonymous_8)
FNDA:17,gramsPerUnit
FNDA:15,toGrams
FNDA:9,fromGrams
FNDA:6,convert
FNDA:20,round
FNDA:16,formatQuantity
DA:33,3
DA:36,3
DA:37,3
DA:38,3
DA:46,3
DA:53,15
DA:57,35
DA:61,6
DA:65,12
DA:70,10
DA:71,10
DA:73,98
DA:75,83
DA:81,4
DA:82,4
DA:83,192
DA:85,4
DA:91,17
DA:92,12
DA:93,5
DA:94,3
DA:95,2
DA:96,1
DA:99,1
DA:101,17
DA:102,17
DA:112,15
DA:113,2
DA:115,13
DA:125,9
DA:126,5
DA:128,4
DA:137,6
DA:138,1
DA:140,5
DA:141,1
DA:143,4
DA:144,1
DA:146,3
DA:147,3
DA:152,20
DA:153,20
DA:154,20
DA:162,16
DA:163,16
DA:164,16
LF:46
LH:46
BRDA:53,0,0,15
BRDA:53,0,1,10
BRDA:53,0,2,8
BRDA:53,0,3,7
BRDA:57,1,0,35
BRDA:57,1,1,27
BRDA:57,1,2,23
BRDA:73,2,0,98
BRDA:73,2,1,92
BRDA:73,2,2,91
BRDA:85,3,0,3
BRDA:85,3,1,1
BRDA:91,4,0,12
BRDA:91,4,1,5
BRDA:93,5,0,3
BRDA:93,5,1,2
BRDA:95,6,0,1
BRDA:95,6,1,1
BRDA:101,7,0,17
BRDA:101,7,1,11
BRDA:102,8,0,2
BRDA:102,8,1,15
BRDA:112,9,0,2
BRDA:112,9,1,13
BRDA:125,10,0,5
BRDA:125,10,1,4
BRDA:137,11,0,1
BRDA:137,11,1,5
BRDA:137,12,0,6
BRDA:137,12,1,4
BRDA:140,13,0,1
BRDA:140,13,1,4
BRDA:140,14,0,5
BRDA:140,14,1,2
BRDA:143,15,0,1
BRDA:143,15,1,3
BRDA:151,16,0,1
BRDA:154,17,0,3
BRDA:154,17,1,17
BRDA:163,18,0,2
BRDA:163,18,1,14
BRDA:163,19,0,2
BRDA:163,19,1,12
BRF:43
BRH:43
end_of_record
TN:
SF:src/lib/egg.ts
FN:15,listEggSizes
FN:16,(anonymous_1)
FN:23,getEggSize
FN:24,(anonymous_3)
FN:28,convertEggs
FNF:5
FNH:5
FNDA:3,listEggSizes
FNDA:15,(anonymous_1)
FNDA:2,getEggSize
FNDA:8,(anonymous_3)
FNDA:3,convertEggs
DA:7,1
DA:16,15
DA:24,8
DA:29,3
LF:4
LH:4
BRF:0
BRH:0
end_of_record
TN:
SF:src/lib/oven.ts
FN:2,fToC
FN:6,cToF
FN:31,listGasMarks
FN:36,gasMarkTemp
FN:37,(anonymous_4)
FN:42,nearestGasMark
FNF:6
FNH:6
FNDA:2,fToC
FNDA:2,cToF
FNDA:1,listGasMarks
FNDA:2,gasMarkTemp
FNDA:17,(anonymous_4)
FNDA:4,nearestGasMark
DA:3,2
DA:7,2
DA:17,1
DA:32,1
DA:37,17
DA:38,2
DA:43,4
DA:44,4
DA:45,44
DA:46,17
DA:49,4
LF:11
LH:11
BRDA:38,0,0,1
BRDA:38,0,1,1
BRDA:45,1,0,17
BRDA:45,1,1,27
BRF:4
BRH:4
end_of_record
TN:
SF:src/lib/pan.ts
FN:14,roundArea
FN:19,squareArea
FN:23,rectangleArea
FN:27,getPan
FN:28,(anonymous_4)
FN:31,listPans
FN:36,panScaleFactor
FN:49,bakeTimeHint
FNF:8
FNH:8
FNDA:1,roundArea
FNDA:1,squareArea
FNDA:1,rectangleArea
FNDA:2,getPan
FNDA:20,(anonymous_4)
FNDA:1,listPans
FNDA:3,panScaleFactor
FNDA:3,bakeTimeHint
DA:12,1
DA:15,1
DA:16,1
DA:20,1
DA:24,1
DA:28,20
DA:32,1
DA:37,3
DA:38,1
DA:40,2
DA:50,3
DA:51,1
DA:53,2
DA:54,1
DA:56,1
LF:15
LH:15
BRDA:37,0,0,1
BRDA:37,0,1,2
BRDA:50,1,0,1
BRDA:50,1,1,2
BRDA:53,2,0,1
BRDA:53,2,1,1
BRF:6
BRH:6
end_of_record
TN:
SF:src/lib/recipe.ts
FN:16,parseLeadingQuantity
FN:40,scaleText
FN:50,scaleRecipeText
FN:53,(anonymous_3)
FN:58,matchFactor
FNF:5
FNH:5
FNDA:22,parseLeadingQuantity
FNDA:12,scaleText
FNDA:2,scaleRecipeText
FNDA:6,(anonymous_3)
FNDA:2,matchFactor
DA:11,1
DA:12,1
DA:13,1
DA:17,22
DA:19,22
DA:20,22
DA:21,3
DA:22,3
DA:25,19
DA:26,19
DA:27,3
DA:28,3
DA:31,16
DA:32,16
DA:33,11
DA:36,5
DA:41,12
DA:42,12
DA:43,3
DA:45,9
DA:46,9
DA:51,2
DA:53,6
DA:59,2
DA:60,1
DA:62,1
LF:26
LH:26
BRDA:20,0,0,3
BRDA:20,0,1,19
BRDA:22,1,0,3
BRDA:22,1,1,1
BRDA:26,2,0,3
BRDA:26,2,1,16
BRDA:28,3,0,3
BRDA:28,3,1,1
BRDA:32,4,0,11
BRDA:32,4,1,5
BRDA:33,5,0,11
BRDA:33,5,1,2
BRDA:42,6,0,3
BRDA:42,6,1,9
BRDA:46,7,0,8
BRDA:46,7,1,1
BRDA:59,8,0,1
BRDA:59,8,1,1
BRF:18
BRH:18
end_of_record
TN:
SF:src/lib/sam.ts
FN:14,samStateForText
FN:16,(anonymous_1)
FNF:2
FNH:2
FNDA:8,samStateForText
FNDA:26,(anonymous_1)
DA:5,1
DA:15,8
DA:16,26
DA:17,8
LF:4
LH:4
BRDA:17,0,0,6
BRDA:17,0,1,2
BRF:2
BRH:2
end_of_record
TN:
SF:src/lib/substitutions.ts
FN:15,listSubstitutions
FN:20,searchSubstitutions
FN:22,(anonymous_2)
FNF:3
FNH:3
FNDA:1,listSubstitutions
FNDA:4,searchSubstitutions
FNDA:72,(anonymous_2)
DA:13,1
DA:16,1
DA:21,4
DA:22,72
LF:4
LH:4
BRF:0
BRH:0
end_of_record
TN:
SF:src/lib/yeast.ts
FN:15,listYeastTypes
FN:16,(anonymous_1)
FN:19,getYeastType
FN:20,(anonymous_3)
FN:24,convertYeast
FNF:5
FNH:5
FNDA:3,listYeastTypes
FNDA:9,(anonymous_1)
FNDA:2,getYeastType
FNDA:5,(anonymous_3)
FNDA:5,convertYeast
DA:7,1
DA:8,1
DA:16,9
DA:20,5
DA:25,5
DA:26,1
DA:28,4
LF:7
LH:7
BRDA:25,0,0,1
BRDA:25,0,1,4
BRF:2
BRH:2
end_of_record
