<?xml version="1.0" encoding="UTF-8"?>
<coverage generated="1786387219086" clover="3.2.0">
  <project timestamp="1786387219086" name="All files">
    <metrics statements="43" coveredstatements="43" conditionals="39" coveredconditionals="39" methods="14" coveredmethods="14" elements="96" coveredelements="96" complexity="0" loc="43" ncloc="43" packages="1" files="1" classes="1"/>
    <file name="convert.ts" path="/home/chris/Code/doughmate/doughmate-handoff/app-src/src/lib/convert.ts">
      <metrics statements="43" coveredstatements="43" conditionals="39" coveredconditionals="39" methods="14" coveredmethods="14"/>
      <line num="33" count="1" type="stmt"/>
      <line num="36" count="1" type="stmt"/>
      <line num="37" count="1" type="stmt"/>
      <line num="38" count="1" type="stmt"/>
      <line num="46" count="1" type="stmt"/>
      <line num="53" count="15" type="cond" truecount="4" falsecount="0"/>
      <line num="57" count="29" type="cond" truecount="3" falsecount="0"/>
      <line num="61" count="6" type="stmt"/>
      <line num="65" count="10" type="stmt"/>
      <line num="70" count="9" type="stmt"/>
      <line num="71" count="9" type="stmt"/>
      <line num="73" count="81" type="cond" truecount="3" falsecount="0"/>
      <line num="75" count="64" type="stmt"/>
      <line num="81" count="4" type="stmt"/>
      <line num="82" count="4" type="stmt"/>
      <line num="83" count="192" type="stmt"/>
      <line num="85" count="4" type="cond" truecount="2" falsecount="0"/>
      <line num="91" count="13" type="cond" truecount="2" falsecount="0"/>
      <line num="92" count="10" type="stmt"/>
      <line num="93" count="3" type="cond" truecount="2" falsecount="0"/>
      <line num="94" count="1" type="stmt"/>
      <line num="95" count="2" type="cond" truecount="2" falsecount="0"/>
      <line num="96" count="1" type="stmt"/>
      <line num="99" count="1" type="stmt"/>
      <line num="101" count="13" type="cond" truecount="2" falsecount="0"/>
      <line num="102" count="13" type="cond" truecount="2" falsecount="0"/>
      <line num="112" count="12" type="cond" truecount="2" falsecount="0"/>
      <line num="113" count="2" type="stmt"/>
      <line num="115" count="10" type="stmt"/>
      <line num="125" count="6" type="cond" truecount="2" falsecount="0"/>
      <line num="126" count="3" type="stmt"/>
      <line num="128" count="3" type="stmt"/>
      <line num="137" count="6" type="cond" truecount="4" falsecount="0"/>
      <line num="138" count="1" type="stmt"/>
      <line num="140" count="5" type="cond" truecount="4" falsecount="0"/>
      <line num="141" count="1" type="stmt"/>
      <line num="143" count="4" type="cond" truecount="2" falsecount="0"/>
      <line num="144" count="1" type="stmt"/>
      <line num="146" count="3" type="stmt"/>
      <line num="147" count="3" type="stmt"/>
      <line num="152" count="4" type="stmt"/>
      <line num="153" count="4" type="stmt"/>
      <line num="154" count="4" type="cond" truecount="2" falsecount="0"/>
    </file>
  </project>
</coverage>
