{"/home/chris/Code/doughmate/doughmate-handoff/app-src/src/lib/convert.ts": {"path":"/home/chris/Code/doughmate/doughmate-handoff/app-src/src/lib/convert.ts","statementMap":{"0":{"start":{"line":33,"column":20},"end":{"line":33,"column":82}},"1":{"start":{"line":36,"column":19},"end":{"line":36,"column":26}},"2":{"start":{"line":37,"column":19},"end":{"line":37,"column":34}},"3":{"start":{"line":38,"column":47},"end":{"line":43,"column":1}},"4":{"start":{"line":46,"column":47},"end":{"line":50,"column":1}},"5":{"start":{"line":53,"column":2},"end":{"line":53,"column":78}},"6":{"start":{"line":57,"column":2},"end":{"line":57,"column":56}},"7":{"start":{"line":61,"column":2},"end":{"line":61,"column":54}},"8":{"start":{"line":65,"column":2},"end":{"line":65,"column":54}},"9":{"start":{"line":70,"column":12},"end":{"line":70,"column":38}},"10":{"start":{"line":71,"column":2},"end":{"line":76,"column":4}},"11":{"start":{"line":73,"column":6},"end":{"line":75,"column":58}},"12":{"start":{"line":75,"column":32},"end":{"line":75,"column":57}},"13":{"start":{"line":81,"column":12},"end":{"line":81,"column":38}},"14":{"start":{"line":82,"column":18},"end":{"line":84,"column":3}},"15":{"start":{"line":83,"column":4},"end":{"line":83,"column":72}},"16":{"start":{"line":85,"column":2},"end":{"line":85,"column":65}},"17":{"start":{"line":91,"column":2},"end":{"line":100,"column":3}},"18":{"start":{"line":92,"column":4},"end":{"line":92,"column":33}},"19":{"start":{"line":93,"column":9},"end":{"line":100,"column":3}},"20":{"start":{"line":94,"column":4},"end":{"line":94,"column":34}},"21":{"start":{"line":95,"column":9},"end":{"line":100,"column":3}},"22":{"start":{"line":96,"column":4},"end":{"line":96,"column":33}},"23":{"start":{"line":99,"column":4},"end":{"line":99,"column":46}},"24":{"start":{"line":101,"column":27},"end":{"line":101,"column":89}},"25":{"start":{"line":102,"column":2},"end":{"line":102,"column":56}},"26":{"start":{"line":112,"column":2},"end":{"line":114,"column":3}},"27":{"start":{"line":113,"column":4},"end":{"line":113,"column":44}},"28":{"start":{"line":115,"column":2},"end":{"line":115,"column":55}},"29":{"start":{"line":125,"column":2},"end":{"line":127,"column":3}},"30":{"start":{"line":126,"column":4},"end":{"line":126,"column":43}},"31":{"start":{"line":128,"column":2},"end":{"line":128,"column":54}},"32":{"start":{"line":137,"column":2},"end":{"line":139,"column":3}},"33":{"start":{"line":138,"column":4},"end":{"line":138,"column":43}},"34":{"start":{"line":140,"column":2},"end":{"line":142,"column":3}},"35":{"start":{"line":141,"column":4},"end":{"line":141,"column":43}},"36":{"start":{"line":143,"column":2},"end":{"line":145,"column":3}},"37":{"start":{"line":144,"column":4},"end":{"line":144,"column":85}},"38":{"start":{"line":146,"column":16},"end":{"line":146,"column":68}},"39":{"start":{"line":147,"column":2},"end":{"line":147,"column":61}},"40":{"start":{"line":152,"column":17},"end":{"line":152,"column":31}},"41":{"start":{"line":153,"column":18},"end":{"line":153,"column":53}},"42":{"start":{"line":154,"column":2},"end":{"line":154,"column":37}}},"fnMap":{"0":{"name":"isVolumeUnit","decl":{"start":{"line":52,"column":16},"end":{"line":52,"column":28}},"loc":{"start":{"line":52,"column":63},"end":{"line":54,"column":1}},"line":52},"1":{"name":"isWeightUnit","decl":{"start":{"line":56,"column":16},"end":{"line":56,"column":28}},"loc":{"start":{"line":56,"column":63},"end":{"line":58,"column":1}},"line":56},"2":{"name":"convertVolume","decl":{"start":{"line":60,"column":16},"end":{"line":60,"column":29}},"loc":{"start":{"line":60,"column":88},"end":{"line":62,"column":1}},"line":60},"3":{"name":"convertWeight","decl":{"start":{"line":64,"column":16},"end":{"line":64,"column":29}},"loc":{"start":{"line":64,"column":88},"end":{"line":66,"column":1}},"line":64},"4":{"name":"getIngredient","decl":{"start":{"line":69,"column":16},"end":{"line":69,"column":29}},"loc":{"start":{"line":69,"column":69},"end":{"line":77,"column":1}},"line":69},"5":{"name":"(anonymous_5)","decl":{"start":{"line":72,"column":4},"end":{"line":72,"column":5}},"loc":{"start":{"line":73,"column":6},"end":{"line":75,"column":58}},"line":73},"6":{"name":"(anonymous_6)","decl":{"start":{"line":75,"column":21},"end":{"line":75,"column":22}},"loc":{"start":{"line":75,"column":32},"end":{"line":75,"column":57}},"line":75},"7":{"name":"searchIngredients","decl":{"start":{"line":80,"column":16},"end":{"line":80,"column":33}},"loc":{"start":{"line":80,"column":79},"end":{"line":86,"column":1}},"line":80},"8":{"name":"(anonymous_8)","decl":{"start":{"line":82,"column":37},"end":{"line":82,"column":38}},"loc":{"start":{"line":83,"column":4},"end":{"line":83,"column":72}},"line":83},"9":{"name":"gramsPerUnit","decl":{"start":{"line":89,"column":9},"end":{"line":89,"column":21}},"loc":{"start":{"line":89,"column":95},"end":{"line":103,"column":1}},"line":89},"10":{"name":"toGrams","decl":{"start":{"line":106,"column":16},"end":{"line":106,"column":23}},"loc":{"start":{"line":111,"column":10},"end":{"line":116,"column":1}},"line":111},"11":{"name":"fromGrams","decl":{"start":{"line":119,"column":16},"end":{"line":119,"column":25}},"loc":{"start":{"line":124,"column":10},"end":{"line":129,"column":1}},"line":124},"12":{"name":"convert","decl":{"start":{"line":136,"column":16},"end":{"line":136,"column":23}},"loc":{"start":{"line":136,"column":96},"end":{"line":148,"column":1}},"line":136},"13":{"name":"round","decl":{"start":{"line":151,"column":16},"end":{"line":151,"column":21}},"loc":{"start":{"line":151,"column":59},"end":{"line":155,"column":1}},"line":151}},"branchMap":{"0":{"loc":{"start":{"line":53,"column":9},"end":{"line":53,"column":77}},"type":"binary-expr","locations":[{"start":{"line":53,"column":9},"end":{"line":53,"column":23}},{"start":{"line":53,"column":27},"end":{"line":53,"column":42}},{"start":{"line":53,"column":46},"end":{"line":53,"column":60}},{"start":{"line":53,"column":64},"end":{"line":53,"column":77}}],"line":53},"1":{"loc":{"start":{"line":57,"column":9},"end":{"line":57,"column":55}},"type":"binary-expr","locations":[{"start":{"line":57,"column":9},"end":{"line":57,"column":21}},{"start":{"line":57,"column":25},"end":{"line":57,"column":38}},{"start":{"line":57,"column":42},"end":{"line":57,"column":55}}],"line":57},"2":{"loc":{"start":{"line":73,"column":6},"end":{"line":75,"column":58}},"type":"binary-expr","locations":[{"start":{"line":73,"column":6},"end":{"line":73,"column":16}},{"start":{"line":74,"column":6},"end":{"line":74,"column":32}},{"start":{"line":75,"column":6},"end":{"line":75,"column":58}}],"line":73},"3":{"loc":{"start":{"line":85,"column":9},"end":{"line":85,"column":64}},"type":"cond-expr","locations":[{"start":{"line":85,"column":31},"end":{"line":85,"column":38}},{"start":{"line":85,"column":41},"end":{"line":85,"column":64}}],"line":85},"4":{"loc":{"start":{"line":91,"column":2},"end":{"line":100,"column":3}},"type":"if","locations":[{"start":{"line":91,"column":2},"end":{"line":100,"column":3}},{"start":{"line":93,"column":9},"end":{"line":100,"column":3}}],"line":91},"5":{"loc":{"start":{"line":93,"column":9},"end":{"line":100,"column":3}},"type":"if","locations":[{"start":{"line":93,"column":9},"end":{"line":100,"column":3}},{"start":{"line":95,"column":9},"end":{"line":100,"column":3}}],"line":93},"6":{"loc":{"start":{"line":95,"column":9},"end":{"line":100,"column":3}},"type":"if","locations":[{"start":{"line":95,"column":9},"end":{"line":100,"column":3}},{"start":{"line":97,"column":9},"end":{"line":100,"column":3}}],"line":95},"7":{"loc":{"start":{"line":101,"column":27},"end":{"line":101,"column":89}},"type":"binary-expr","locations":[{"start":{"line":101,"column":27},"end":{"line":101,"column":58}},{"start":{"line":101,"column":62},"end":{"line":101,"column":89}}],"line":101},"8":{"loc":{"start":{"line":102,"column":9},"end":{"line":102,"column":55}},"type":"cond-expr","locations":[{"start":{"line":102,"column":28},"end":{"line":102,"column":47}},{"start":{"line":102,"column":50},"end":{"line":102,"column":55}}],"line":102},"9":{"loc":{"start":{"line":112,"column":2},"end":{"line":114,"column":3}},"type":"if","locations":[{"start":{"line":112,"column":2},"end":{"line":114,"column":3}},{"start":{},"end":{}}],"line":112},"10":{"loc":{"start":{"line":125,"column":2},"end":{"line":127,"column":3}},"type":"if","locations":[{"start":{"line":125,"column":2},"end":{"line":127,"column":3}},{"start":{},"end":{}}],"line":125},"11":{"loc":{"start":{"line":137,"column":2},"end":{"line":139,"column":3}},"type":"if","locations":[{"start":{"line":137,"column":2},"end":{"line":139,"column":3}},{"start":{},"end":{}}],"line":137},"12":{"loc":{"start":{"line":137,"column":6},"end":{"line":137,"column":44}},"type":"binary-expr","locations":[{"start":{"line":137,"column":6},"end":{"line":137,"column":24}},{"start":{"line":137,"column":28},"end":{"line":137,"column":44}}],"line":137},"13":{"loc":{"start":{"line":140,"column":2},"end":{"line":142,"column":3}},"type":"if","locations":[{"start":{"line":140,"column":2},"end":{"line":142,"column":3}},{"start":{},"end":{}}],"line":140},"14":{"loc":{"start":{"line":140,"column":6},"end":{"line":140,"column":44}},"type":"binary-expr","locations":[{"start":{"line":140,"column":6},"end":{"line":140,"column":24}},{"start":{"line":140,"column":28},"end":{"line":140,"column":44}}],"line":140},"15":{"loc":{"start":{"line":143,"column":2},"end":{"line":145,"column":3}},"type":"if","locations":[{"start":{"line":143,"column":2},"end":{"line":145,"column":3}},{"start":{},"end":{}}],"line":143},"16":{"loc":{"start":{"line":151,"column":37},"end":{"line":151,"column":49}},"type":"default-arg","locations":[{"start":{"line":151,"column":48},"end":{"line":151,"column":49}}],"line":151},"17":{"loc":{"start":{"line":154,"column":9},"end":{"line":154,"column":36}},"type":"cond-expr","locations":[{"start":{"line":154,"column":25},"end":{"line":154,"column":26}},{"start":{"line":154,"column":29},"end":{"line":154,"column":36}}],"line":154}},"s":{"0":1,"1":1,"2":1,"3":1,"4":1,"5":15,"6":29,"7":6,"8":10,"9":9,"10":9,"11":81,"12":64,"13":4,"14":4,"15":192,"16":4,"17":13,"18":10,"19":3,"20":1,"21":2,"22":1,"23":1,"24":13,"25":13,"26":12,"27":2,"28":10,"29":6,"30":3,"31":3,"32":6,"33":1,"34":5,"35":1,"36":4,"37":1,"38":3,"39":3,"40":4,"41":4,"42":4},"f":{"0":15,"1":29,"2":6,"3":10,"4":9,"5":81,"6":64,"7":4,"8":192,"9":13,"10":12,"11":6,"12":6,"13":4},"b":{"0":[15,10,8,7],"1":[29,23,19],"2":[81,76,75],"3":[3,1],"4":[10,3],"5":[1,2],"6":[1,1],"7":[13,11],"8":[2,11],"9":[2,10],"10":[3,3],"11":[1,5],"12":[6,4],"13":[1,4],"14":[5,2],"15":[1,3],"16":[1],"17":[2,2]},"_coverageSchema":"1a1c01bbd47fc00a2c39e90264f33305004495a9","hash":"59e70bc179256cb4171e990243dbd240ad5bf67c"}
}
